 01/08/2025 06:12:08 AM : INFO : Testcase001 : ********** Testcase001 **********  
 01/08/2025 06:12:08 AM : INFO : Testcase001 : ********** Verifying Homepage Title ********** 
 01/08/2025 06:12:12 AM : INFO : Testcase001 : ********** Homepage title test passed ********** 
 01/08/2025 06:12:12 AM : INFO : Testcase001 : ********** Login testcase started ********** 
 01/08/2025 06:12:26 AM : INFO : Testcase001 : ********** Login testcase ended ********** 
 01/08/2025 06:21:41 AM : INFO : Testcase001 : ********** Testcase001 **********  
 01/08/2025 06:21:41 AM : INFO : Testcase001 : ********** Verifying Homepage Title ********** 
 01/08/2025 06:21:45 AM : INFO : Testcase001 : ********** Homepage title test passed ********** 
 01/08/2025 06:21:45 AM : INFO : Testcase001 : ********** Login testcase started ********** 
 01/08/2025 06:21:59 AM : INFO : Testcase001 : ********** Login testcase ended ********** 
 01/08/2025 06:24:35 AM : INFO : Testcase001 : ********** Testcase001 **********  
 01/08/2025 06:24:35 AM : INFO : Testcase001 : ********** Verifying Homepage Title ********** 
 01/08/2025 06:24:39 AM : INFO : Testcase001 : ********** Homepage title test passed ********** 
 01/08/2025 06:24:39 AM : INFO : Testcase001 : ********** Login testcase started ********** 
 01/08/2025 06:24:55 AM : INFO : Testcase001 : ********** Login testcase ended ********** 
 01/08/2025 06:25:17 AM : INFO : Testcase001 : Lead created: Robert Twin, Acme Corp 
 01/08/2025 06:25:17 AM : INFO : Testcase001 : Verifying lead has created 
 01/08/2025 06:25:17 AM : INFO : Testcase001 : ********** Lead has successfully created and verified ********** 
 01/08/2025 06:25:28 AM : INFO : Testcase001 : Lead Converted 
 01/08/2025 06:34:16 AM : INFO : Testcase001 : ********** Testcase001 **********  
 01/08/2025 06:34:16 AM : INFO : Testcase001 : ********** Verifying Homepage Title ********** 
 01/08/2025 06:34:20 AM : INFO : Testcase001 : ********** Homepage title test passed ********** 
 01/08/2025 06:34:20 AM : INFO : Testcase001 : ********** Login testcase started ********** 
 01/08/2025 06:34:34 AM : INFO : Testcase001 : ********** Login testcase ended ********** 
 01/08/2025 06:34:57 AM : INFO : Testcase001 : Lead created: Robert Twin, Acme Corp 
 01/08/2025 06:34:57 AM : INFO : Testcase001 : Verifying lead has created 
 01/08/2025 06:34:57 AM : INFO : Testcase001 : ********** Lead has successfully created and verified ********** 
 01/08/2025 06:35:08 AM : INFO : Testcase001 : Lead Converted 
 01/08/2025 06:35:13 AM : INFO : Testcase001 : ********** Lead has successfully created and verified ********** 
 01/08/2025 06:39:43 AM : INFO : Testcase001 : ********** Testcase001 **********  
 01/08/2025 06:39:43 AM : INFO : Testcase001 : ********** Verifying Homepage Title ********** 
 01/08/2025 06:39:47 AM : INFO : Testcase001 : ********** Homepage title test passed ********** 
 01/08/2025 06:39:47 AM : INFO : Testcase001 : ********** Login testcase started ********** 
 01/08/2025 06:40:00 AM : INFO : Testcase001 : ********** Login testcase ended ********** 
 01/08/2025 06:40:27 AM : INFO : Testcase001 : Lead created: Robert Twin, Acme Corp 
 01/08/2025 06:40:27 AM : INFO : Testcase001 : Verifying lead has created 
 01/08/2025 06:40:28 AM : INFO : Testcase001 : ********** Lead has successfully created and verified ********** 
 01/08/2025 06:40:38 AM : INFO : Testcase001 : Lead Converted 
 01/08/2025 06:40:43 AM : INFO : Testcase001 : ********** Lead has successfully created and verified ********** 
 01/08/2025 07:43:52 AM : INFO : Testcase001 : ********** Testcase001 **********  
 01/08/2025 07:43:52 AM : INFO : Testcase001 : ********** Verifying Homepage Title ********** 
 01/08/2025 07:43:56 AM : INFO : Testcase001 : ********** Homepage title test passed ********** 
 01/08/2025 07:43:56 AM : INFO : Testcase001 : ********** Login testcase started ********** 
 01/08/2025 07:44:11 AM : INFO : Testcase001 : ********** Login testcase ended ********** 
 01/08/2025 07:47:34 AM : INFO : Testcase001 : ********** Testcase001 **********  
 01/08/2025 07:47:34 AM : INFO : Testcase001 : ********** Verifying Homepage Title ********** 
 01/08/2025 07:47:38 AM : INFO : Testcase001 : ********** Homepage title test passed ********** 
 01/08/2025 07:47:38 AM : INFO : Testcase001 : ********** Login testcase started ********** 
 01/08/2025 07:47:51 AM : INFO : Testcase001 : ********** Login testcase ended ********** 
 01/08/2025 07:48:22 AM : INFO : Testcase001 : Contact Saved 
 01/08/2025 07:48:22 AM : ERROR : Testcase001 : ********** Failed in verifying lead ********** 
 01/08/2025 07:50:10 AM : INFO : Testcase001 : ********** Testcase001 **********  
 01/08/2025 07:50:10 AM : INFO : Testcase001 : ********** Verifying Homepage Title ********** 
 01/08/2025 07:50:14 AM : INFO : Testcase001 : ********** Homepage title test passed ********** 
 01/08/2025 07:50:14 AM : INFO : Testcase001 : ********** Login testcase started ********** 
 01/08/2025 07:50:27 AM : INFO : Testcase001 : ********** Login testcase ended ********** 
 01/08/2025 07:50:57 AM : INFO : Testcase001 : Contact Saved 
 01/08/2025 07:50:58 AM : INFO : Testcase001 : ********** Lead has successfully created and verified ********** 
 01/08/2025 08:11:27 AM : INFO : Testcase001 : ********** Testcase001 **********  
 01/08/2025 08:11:27 AM : INFO : Testcase001 : ********** Verifying Homepage Title ********** 
 01/08/2025 08:11:31 AM : INFO : Testcase001 : ********** Homepage title test passed ********** 
 01/08/2025 08:11:31 AM : INFO : Testcase001 : ********** Login testcase started ********** 
 01/08/2025 08:11:44 AM : INFO : Testcase001 : ********** Login testcase ended ********** 
 01/08/2025 08:13:44 AM : INFO : Testcase001 : ********** Testcase001 **********  
 01/08/2025 08:13:44 AM : INFO : Testcase001 : ********** Verifying Homepage Title ********** 
 01/08/2025 08:13:47 AM : INFO : Testcase001 : ********** Homepage title test passed ********** 
 01/08/2025 08:13:47 AM : INFO : Testcase001 : ********** Login testcase started ********** 
 01/08/2025 08:14:03 AM : INFO : Testcase001 : ********** Login testcase ended ********** 
 01/08/2025 08:15:04 AM : INFO : Testcase001 : ********** Testcase001 **********  
 01/08/2025 08:15:04 AM : INFO : Testcase001 : ********** Verifying Homepage Title ********** 
 01/08/2025 08:15:08 AM : INFO : Testcase001 : ********** Homepage title test passed ********** 
 01/08/2025 08:15:08 AM : INFO : Testcase001 : ********** Login testcase started ********** 
 01/08/2025 08:15:21 AM : INFO : Testcase001 : ********** Login testcase ended ********** 
 01/08/2025 08:15:52 AM : INFO : Testcase001 : Contact Saved 
 01/08/2025 08:15:52 AM : INFO : Testcase001 : ********** Lead has successfully created and verified ********** 
 01/08/2025 08:16:08 AM : INFO : Testcase001 : Contact Saved 
 01/08/2025 08:16:08 AM : INFO : Testcase001 : ********** Lead has successfully created and verified ********** 
 01/08/2025 08:17:43 AM : INFO : Testcase001 : ********** Testcase001 **********  
 01/08/2025 08:17:43 AM : INFO : Testcase001 : ********** Verifying Homepage Title ********** 
 01/08/2025 08:17:47 AM : INFO : Testcase001 : ********** Homepage title test passed ********** 
 01/08/2025 08:17:47 AM : INFO : Testcase001 : ********** Login testcase started ********** 
 01/08/2025 08:18:02 AM : INFO : Testcase001 : ********** Login testcase ended ********** 
 01/08/2025 08:18:25 AM : INFO : Testcase001 : Lead created: Robert Twin, Acme Corp 
 01/08/2025 08:18:25 AM : INFO : Testcase001 : Verifying lead has created 
 01/08/2025 08:18:25 AM : INFO : Testcase001 : ********** Lead has successfully created and verified ********** 
 01/08/2025 08:18:36 AM : INFO : Testcase001 : Lead Converted 
 01/08/2025 08:18:41 AM : INFO : Testcase001 : ********** Lead has successfully created and verified ********** 
 01/08/2025 08:19:15 AM : INFO : Testcase001 : Contact Saved 
 01/08/2025 08:19:15 AM : INFO : Testcase001 : ********** Lead has successfully created and verified ********** 
 01/08/2025 08:22:04 AM : INFO : Testcase001 : ********** Testcase001 **********  
 01/08/2025 08:22:04 AM : INFO : Testcase001 : ********** Verifying Homepage Title ********** 
 01/08/2025 08:22:08 AM : INFO : Testcase001 : ********** Homepage title test passed ********** 
 01/08/2025 08:22:08 AM : INFO : Testcase001 : ********** Login testcase started ********** 
 01/08/2025 08:22:22 AM : INFO : Testcase001 : ********** Login testcase ended ********** 
 01/08/2025 08:22:45 AM : INFO : Testcase001 : Lead created: Robert Twin, Acme Corp 
 01/08/2025 08:22:45 AM : INFO : Testcase001 : Verifying lead has created 
 01/08/2025 08:22:45 AM : INFO : Testcase001 : ********** Lead has successfully created and verified ********** 
 01/08/2025 08:22:55 AM : INFO : Testcase001 : Lead Converted 
 01/08/2025 08:23:00 AM : INFO : Testcase001 : ********** Lead has successfully created and verified ********** 
 01/08/2025 08:23:36 AM : INFO : Testcase001 : Contact Saved 
 01/08/2025 08:23:36 AM : INFO : Testcase001 : ********** Lead has successfully created and verified ********** 
 01/08/2025 08:23:52 AM : INFO : Testcase001 : Contact Saved 
 01/08/2025 08:23:53 AM : INFO : Testcase001 : ********** Lead has successfully created and verified ********** 
